  rplidar_driver.cpp
c:\users\alexander\desktop\rplidar_sdk_v1.4.5\sdk\sdk\include\rplidar_protocol.h(62): warning C4200: nonstandard extension used: zero-sized array in struct/union
  c:\users\alexander\desktop\rplidar_sdk_v1.4.5\sdk\sdk\include\rplidar_protocol.h(62): note: Cannot generate copy-ctor or copy-assignment operator when UDT contains a zero-sized array
c:\users\alexander\desktop\rplidar_sdk_v1.4.5\sdk\sdk\src\rplidar_driver.cpp(205): warning C4305: 'initializing': truncation from 'double' to 'float'
c:\users\alexander\desktop\rplidar_sdk_v1.4.5\sdk\sdk\src\rplidar_driver.cpp(333): warning C4244: 'initializing': conversion from 'double' to 'float', possible loss of data
c:\users\alexander\desktop\rplidar_sdk_v1.4.5\sdk\sdk\src\rplidar_driver.cpp(337): warning C4018: '<': signed/unsigned mismatch
c:\users\alexander\desktop\rplidar_sdk_v1.4.5\sdk\sdk\src\rplidar_driver.cpp(373): warning C4018: '<': signed/unsigned mismatch
c:\users\alexander\desktop\rplidar_sdk_v1.4.5\sdk\sdk\src\rplidar_driver.cpp(383): warning C4018: '<': signed/unsigned mismatch
c:\users\alexander\desktop\rplidar_sdk_v1.4.5\sdk\sdk\src\rplidar_driver.cpp(384): warning C4018: '<': signed/unsigned mismatch
c:\users\alexander\desktop\rplidar_sdk_v1.4.5\sdk\sdk\src\rplidar_driver.cpp(509): warning C4267: 'initializing': conversion from 'size_t' to '_u8', possible loss of data
  thread.cpp
c:\users\alexander\desktop\rplidar_sdk_v1.4.5\sdk\sdk\include\rplidar_protocol.h(62): warning C4200: nonstandard extension used: zero-sized array in struct/union
  c:\users\alexander\desktop\rplidar_sdk_v1.4.5\sdk\sdk\include\rplidar_protocol.h(62): note: Cannot generate copy-ctor or copy-assignment operator when UDT contains a zero-sized array
  timer.cpp
c:\users\alexander\desktop\rplidar_sdk_v1.4.5\sdk\sdk\include\rplidar_protocol.h(62): warning C4200: nonstandard extension used: zero-sized array in struct/union
  c:\users\alexander\desktop\rplidar_sdk_v1.4.5\sdk\sdk\include\rplidar_protocol.h(62): note: Cannot generate copy-ctor or copy-assignment operator when UDT contains a zero-sized array
  net_serial.cpp
c:\users\alexander\desktop\rplidar_sdk_v1.4.5\sdk\sdk\include\rplidar_protocol.h(62): warning C4200: nonstandard extension used: zero-sized array in struct/union
  c:\users\alexander\desktop\rplidar_sdk_v1.4.5\sdk\sdk\include\rplidar_protocol.h(62): note: Cannot generate copy-ctor or copy-assignment operator when UDT contains a zero-sized array
  Generating Code...
  rplidar_driver.vcxproj -> C:\Users\Alexander\Desktop\rplidar_sdk_v1.4.5\sdk\workspaces\vc10\\..\..\output\win32\Debug\rplidar_driver.lib
